#! /usr/bin/vvp
:ivl_version "11.0 (stable)";
:ivl_delay_selection "TYPICAL";
:vpi_time_precision + 0;
:vpi_module "/usr/lib/x86_64-linux-gnu/ivl/system.vpi";
:vpi_module "/usr/lib/x86_64-linux-gnu/ivl/vhdl_sys.vpi";
:vpi_module "/usr/lib/x86_64-linux-gnu/ivl/vhdl_textio.vpi";
:vpi_module "/usr/lib/x86_64-linux-gnu/ivl/v2005_math.vpi";
:vpi_module "/usr/lib/x86_64-linux-gnu/ivl/va_math.vpi";
S_0x564cb3e8a950 .scope module, "cpu" "cpu" 2 1;
 .timescale 0 0;
    .port_info 0 /INPUT 1 "clk";
    .port_info 1 /INPUT 1 "reset";
    .port_info 2 /OUTPUT 32 "iaddr";
    .port_info 3 /INPUT 32 "idata";
    .port_info 4 /OUTPUT 32 "daddr";
    .port_info 5 /INPUT 32 "drdata";
    .port_info 6 /OUTPUT 32 "dwdata";
    .port_info 7 /OUTPUT 4 "dwe";
o0x7f45b9a2e138 .functor BUFZ 1, C4<z>; HiZ drive
v0x564cb3ec6e80_0 .net "clk", 0 0, o0x7f45b9a2e138;  0 drivers
v0x564cb3ec6f40_0 .var "daddr", 31 0;
o0x7f45b9a2e468 .functor BUFZ 32, C4<zzzzzzzzzzzzzzzzzzzzzzzzzzzzzzzz>; HiZ drive
v0x564cb3ec7000_0 .net "drdata", 31 0, o0x7f45b9a2e468;  0 drivers
v0x564cb3ec70c0_0 .net "dreg1", 31 0, L_0x564cb3e4ad30;  1 drivers
v0x564cb3ec7180_0 .net "dreg2", 31 0, L_0x564cb3ec84e0;  1 drivers
v0x564cb3ec7220_0 .var "dreg3", 31 0;
v0x564cb3ec72c0_0 .var "dwdata", 31 0;
v0x564cb3ec7380_0 .var "dwe", 3 0;
v0x564cb3ec7460_0 .var "iaddr", 31 0;
o0x7f45b9a2e528 .functor BUFZ 32, C4<zzzzzzzzzzzzzzzzzzzzzzzzzzzzzzzz>; HiZ drive
v0x564cb3ec7540_0 .net "idata", 31 0, o0x7f45b9a2e528;  0 drivers
v0x564cb3ec7620_0 .var "instrno", 5 0;
v0x564cb3ec7700_0 .var "rd", 4 0;
v0x564cb3ec77c0_0 .var "regload", 0 0;
o0x7f45b9a2e588 .functor BUFZ 1, C4<z>; HiZ drive
v0x564cb3ec7890_0 .net "reset", 0 0, o0x7f45b9a2e588;  0 drivers
v0x564cb3ec7930_0 .var "rs1", 4 0;
v0x564cb3ec7a00_0 .var "rs2", 4 0;
v0x564cb3ec7ad0_0 .var/s "tdreg1", 31 0;
v0x564cb3ec7ca0_0 .var/s "tdreg2", 31 0;
v0x564cb3ec7d80_0 .var "tempload", 31 0;
E_0x564cb3e8c230/0 .event edge, v0x564cb3ec7620_0, v0x564cb3ec7540_0, v0x564cb3ec66c0_0, v0x564cb3ec7d80_0;
E_0x564cb3e8c230/1 .event edge, v0x564cb3ec6f40_0, v0x564cb3ec6880_0, v0x564cb3ec7ad0_0, v0x564cb3ec7ca0_0;
E_0x564cb3e8c230/2 .event edge, v0x564cb3ec67a0_0, v0x564cb3ec7460_0;
E_0x564cb3e8c230 .event/or E_0x564cb3e8c230/0, E_0x564cb3e8c230/1, E_0x564cb3e8c230/2;
S_0x564cb3e8abb0 .scope module, "dut" "Registerfile" 2 38, 2 394 0, S_0x564cb3e8a950;
 .timescale 0 0;
    .port_info 0 /INPUT 5 "rs1";
    .port_info 1 /INPUT 5 "rs2";
    .port_info 2 /INPUT 5 "rd";
    .port_info 3 /OUTPUT 32 "dreg1";
    .port_info 4 /OUTPUT 32 "dreg2";
    .port_info 5 /INPUT 32 "dreg3";
    .port_info 6 /INPUT 1 "regload";
    .port_info 7 /INPUT 1 "clk";
L_0x564cb3e4ad30 .functor BUFZ 32, L_0x564cb3ec7f60, C4<00000000000000000000000000000000>, C4<00000000000000000000000000000000>, C4<00000000000000000000000000000000>;
L_0x564cb3ec84e0 .functor BUFZ 32, L_0x564cb3ec8280, C4<00000000000000000000000000000000>, C4<00000000000000000000000000000000>, C4<00000000000000000000000000000000>;
v0x564cb3e4ae90_0 .net *"_ivl_0", 31 0, L_0x564cb3ec7f60;  1 drivers
v0x564cb3ec6170_0 .net *"_ivl_10", 6 0, L_0x564cb3ec8320;  1 drivers
L_0x7f45b99e5060 .functor BUFT 1, C4<00>, C4<0>, C4<0>, C4<0>;
v0x564cb3ec6250_0 .net *"_ivl_13", 1 0, L_0x7f45b99e5060;  1 drivers
v0x564cb3ec6310_0 .net *"_ivl_2", 6 0, L_0x564cb3ec8080;  1 drivers
L_0x7f45b99e5018 .functor BUFT 1, C4<00>, C4<0>, C4<0>, C4<0>;
v0x564cb3ec63f0_0 .net *"_ivl_5", 1 0, L_0x7f45b99e5018;  1 drivers
v0x564cb3ec6520_0 .net *"_ivl_8", 31 0, L_0x564cb3ec8280;  1 drivers
v0x564cb3ec6600_0 .net "clk", 0 0, o0x7f45b9a2e138;  alias, 0 drivers
v0x564cb3ec66c0_0 .net "dreg1", 31 0, L_0x564cb3e4ad30;  alias, 1 drivers
v0x564cb3ec67a0_0 .net "dreg2", 31 0, L_0x564cb3ec84e0;  alias, 1 drivers
v0x564cb3ec6880_0 .net "dreg3", 31 0, v0x564cb3ec7220_0;  1 drivers
v0x564cb3ec6960_0 .net "rd", 4 0, v0x564cb3ec7700_0;  1 drivers
v0x564cb3ec6a40 .array "regfile", 0 31, 31 0;
v0x564cb3ec6b00_0 .net "regload", 0 0, v0x564cb3ec77c0_0;  1 drivers
v0x564cb3ec6bc0_0 .net "rs1", 4 0, v0x564cb3ec7930_0;  1 drivers
v0x564cb3ec6ca0_0 .net "rs2", 4 0, v0x564cb3ec7a00_0;  1 drivers
E_0x564cb3e8b0a0 .event posedge, v0x564cb3ec6600_0;
L_0x564cb3ec7f60 .array/port v0x564cb3ec6a40, L_0x564cb3ec8080;
L_0x564cb3ec8080 .concat [ 5 2 0 0], v0x564cb3ec7930_0, L_0x7f45b99e5018;
L_0x564cb3ec8280 .array/port v0x564cb3ec6a40, L_0x564cb3ec8320;
L_0x564cb3ec8320 .concat [ 5 2 0 0], v0x564cb3ec7a00_0, L_0x7f45b99e5060;
    .scope S_0x564cb3e8abb0;
T_0 ;
    %wait E_0x564cb3e8b0a0;
    %load/vec4 v0x564cb3ec6b00_0;
    %flag_set/vec4 8;
    %jmp/0xz  T_0.0, 8;
    %load/vec4 v0x564cb3ec6880_0;
    %load/vec4 v0x564cb3ec6960_0;
    %pad/u 7;
    %ix/vec4 3;
    %ix/load 4, 0, 0; Constant delay
    %assign/vec4/a/d v0x564cb3ec6a40, 0, 4;
T_0.0 ;
    %jmp T_0;
    .thread T_0;
    .scope S_0x564cb3e8a950;
T_1 ;
    %wait E_0x564cb3e8b0a0;
    %load/vec4 v0x564cb3ec7890_0;
    %flag_set/vec4 8;
    %jmp/0xz  T_1.0, 8;
    %pushi/vec4 0, 0, 32;
    %assign/vec4 v0x564cb3ec7460_0, 0;
    %pushi/vec4 0, 0, 32;
    %assign/vec4 v0x564cb3ec6f40_0, 0;
    %pushi/vec4 0, 0, 32;
    %assign/vec4 v0x564cb3ec72c0_0, 0;
    %pushi/vec4 0, 0, 4;
    %assign/vec4 v0x564cb3ec7380_0, 0;
    %pushi/vec4 0, 0, 32;
    %assign/vec4 v0x564cb3ec7d80_0, 0;
    %pushi/vec4 0, 0, 32;
    %assign/vec4 v0x564cb3ec7ad0_0, 0;
    %pushi/vec4 0, 0, 32;
    %assign/vec4 v0x564cb3ec7ca0_0, 0;
    %vpi_call 2 49 "$display", "Is this happening all the time" {0 0 0};
    %jmp T_1.1;
T_1.0 ;
    %vpi_call 2 53 "$display", "Is it going inside" {0 0 0};
    %load/vec4 v0x564cb3ec7540_0;
    %parti/s 7, 0, 2;
    %pad/u 32;
    %cmpi/e 110111, 0, 32;
    %jmp/0xz  T_1.2, 4;
    %pushi/vec4 1, 0, 6;
    %store/vec4 v0x564cb3ec7620_0, 0, 6;
T_1.2 ;
    %load/vec4 v0x564cb3ec7540_0;
    %parti/s 7, 0, 2;
    %pad/u 32;
    %cmpi/e 11, 0, 32;
    %jmp/0xz  T_1.4, 4;
    %load/vec4 v0x564cb3ec7540_0;
    %parti/s 3, 12, 5;
    %pad/u 32;
    %cmpi/e 0, 0, 32;
    %jmp/0xz  T_1.6, 4;
    %pushi/vec4 11, 0, 6;
    %store/vec4 v0x564cb3ec7620_0, 0, 6;
T_1.6 ;
    %load/vec4 v0x564cb3ec7540_0;
    %parti/s 3, 12, 5;
    %pad/u 32;
    %cmpi/e 1, 0, 32;
    %jmp/0xz  T_1.8, 4;
    %pushi/vec4 12, 0, 6;
    %store/vec4 v0x564cb3ec7620_0, 0, 6;
T_1.8 ;
    %load/vec4 v0x564cb3ec7540_0;
    %parti/s 3, 12, 5;
    %pad/u 32;
    %cmpi/e 10, 0, 32;
    %jmp/0xz  T_1.10, 4;
    %pushi/vec4 13, 0, 6;
    %store/vec4 v0x564cb3ec7620_0, 0, 6;
T_1.10 ;
    %load/vec4 v0x564cb3ec7540_0;
    %parti/s 3, 12, 5;
    %pad/u 32;
    %cmpi/e 100, 0, 32;
    %jmp/0xz  T_1.12, 4;
    %pushi/vec4 14, 0, 6;
    %store/vec4 v0x564cb3ec7620_0, 0, 6;
T_1.12 ;
    %load/vec4 v0x564cb3ec7540_0;
    %parti/s 3, 12, 5;
    %pad/u 32;
    %cmpi/e 101, 0, 32;
    %jmp/0xz  T_1.14, 4;
    %pushi/vec4 15, 0, 6;
    %store/vec4 v0x564cb3ec7620_0, 0, 6;
T_1.14 ;
T_1.4 ;
    %load/vec4 v0x564cb3ec7540_0;
    %parti/s 7, 0, 2;
    %pad/u 32;
    %cmpi/e 100011, 0, 32;
    %jmp/0xz  T_1.16, 4;
    %load/vec4 v0x564cb3ec7540_0;
    %parti/s 3, 12, 5;
    %pad/u 32;
    %cmpi/e 0, 0, 32;
    %jmp/0xz  T_1.18, 4;
    %pushi/vec4 16, 0, 6;
    %store/vec4 v0x564cb3ec7620_0, 0, 6;
T_1.18 ;
    %load/vec4 v0x564cb3ec7540_0;
    %parti/s 3, 12, 5;
    %pad/u 32;
    %cmpi/e 1, 0, 32;
    %jmp/0xz  T_1.20, 4;
    %pushi/vec4 17, 0, 6;
    %store/vec4 v0x564cb3ec7620_0, 0, 6;
T_1.20 ;
    %load/vec4 v0x564cb3ec7540_0;
    %parti/s 3, 12, 5;
    %pad/u 32;
    %cmpi/e 10, 0, 32;
    %jmp/0xz  T_1.22, 4;
    %pushi/vec4 18, 0, 6;
    %store/vec4 v0x564cb3ec7620_0, 0, 6;
T_1.22 ;
T_1.16 ;
    %load/vec4 v0x564cb3ec7540_0;
    %parti/s 7, 0, 2;
    %pad/u 32;
    %cmpi/e 10011, 0, 32;
    %jmp/0xz  T_1.24, 4;
    %load/vec4 v0x564cb3ec7540_0;
    %parti/s 3, 12, 5;
    %pad/u 32;
    %cmpi/e 0, 0, 32;
    %jmp/0xz  T_1.26, 4;
    %pushi/vec4 19, 0, 6;
    %store/vec4 v0x564cb3ec7620_0, 0, 6;
T_1.26 ;
    %load/vec4 v0x564cb3ec7540_0;
    %parti/s 3, 12, 5;
    %pad/u 32;
    %cmpi/e 10, 0, 32;
    %jmp/0xz  T_1.28, 4;
    %pushi/vec4 20, 0, 6;
    %store/vec4 v0x564cb3ec7620_0, 0, 6;
T_1.28 ;
    %load/vec4 v0x564cb3ec7540_0;
    %parti/s 3, 12, 5;
    %pad/u 32;
    %cmpi/e 11, 0, 32;
    %jmp/0xz  T_1.30, 4;
    %pushi/vec4 21, 0, 6;
    %store/vec4 v0x564cb3ec7620_0, 0, 6;
T_1.30 ;
    %load/vec4 v0x564cb3ec7540_0;
    %parti/s 3, 12, 5;
    %pad/u 32;
    %cmpi/e 100, 0, 32;
    %jmp/0xz  T_1.32, 4;
    %pushi/vec4 22, 0, 6;
    %store/vec4 v0x564cb3ec7620_0, 0, 6;
T_1.32 ;
    %load/vec4 v0x564cb3ec7540_0;
    %parti/s 3, 12, 5;
    %pad/u 32;
    %cmpi/e 110, 0, 32;
    %jmp/0xz  T_1.34, 4;
    %pushi/vec4 23, 0, 6;
    %store/vec4 v0x564cb3ec7620_0, 0, 6;
T_1.34 ;
    %load/vec4 v0x564cb3ec7540_0;
    %parti/s 3, 12, 5;
    %pad/u 32;
    %cmpi/e 111, 0, 32;
    %jmp/0xz  T_1.36, 4;
    %pushi/vec4 24, 0, 6;
    %store/vec4 v0x564cb3ec7620_0, 0, 6;
T_1.36 ;
    %load/vec4 v0x564cb3ec7540_0;
    %parti/s 7, 25, 6;
    %pad/u 32;
    %pushi/vec4 0, 0, 32;
    %cmp/e;
    %flag_get/vec4 4;
    %load/vec4 v0x564cb3ec7540_0;
    %parti/s 3, 12, 5;
    %pad/u 32;
    %pushi/vec4 1, 0, 32;
    %cmp/e;
    %flag_get/vec4 4;
    %and;
    %flag_set/vec4 8;
    %jmp/0xz  T_1.38, 8;
    %pushi/vec4 25, 0, 6;
    %store/vec4 v0x564cb3ec7620_0, 0, 6;
T_1.38 ;
    %load/vec4 v0x564cb3ec7540_0;
    %parti/s 7, 25, 6;
    %pad/u 32;
    %pushi/vec4 0, 0, 32;
    %cmp/e;
    %flag_get/vec4 4;
    %load/vec4 v0x564cb3ec7540_0;
    %parti/s 3, 12, 5;
    %pad/u 32;
    %pushi/vec4 101, 0, 32;
    %cmp/e;
    %flag_get/vec4 4;
    %and;
    %flag_set/vec4 8;
    %jmp/0xz  T_1.40, 8;
    %pushi/vec4 26, 0, 6;
    %store/vec4 v0x564cb3ec7620_0, 0, 6;
T_1.40 ;
    %load/vec4 v0x564cb3ec7540_0;
    %parti/s 7, 25, 6;
    %pad/u 32;
    %pushi/vec4 100000, 0, 32;
    %cmp/e;
    %flag_get/vec4 4;
    %load/vec4 v0x564cb3ec7540_0;
    %parti/s 3, 12, 5;
    %pad/u 32;
    %pushi/vec4 101, 0, 32;
    %cmp/e;
    %flag_get/vec4 4;
    %and;
    %flag_set/vec4 8;
    %jmp/0xz  T_1.42, 8;
    %pushi/vec4 27, 0, 6;
    %store/vec4 v0x564cb3ec7620_0, 0, 6;
T_1.42 ;
T_1.24 ;
    %load/vec4 v0x564cb3ec7540_0;
    %parti/s 7, 0, 2;
    %pad/u 32;
    %cmpi/e 110011, 0, 32;
    %jmp/0xz  T_1.44, 4;
    %load/vec4 v0x564cb3ec7540_0;
    %parti/s 7, 25, 6;
    %pad/u 32;
    %pushi/vec4 0, 0, 32;
    %cmp/e;
    %flag_get/vec4 4;
    %load/vec4 v0x564cb3ec7540_0;
    %parti/s 3, 12, 5;
    %pad/u 32;
    %pushi/vec4 0, 0, 32;
    %cmp/e;
    %flag_get/vec4 4;
    %and;
    %flag_set/vec4 8;
    %jmp/0xz  T_1.46, 8;
    %pushi/vec4 28, 0, 6;
    %store/vec4 v0x564cb3ec7620_0, 0, 6;
T_1.46 ;
    %load/vec4 v0x564cb3ec7540_0;
    %parti/s 7, 25, 6;
    %pad/u 32;
    %pushi/vec4 100000, 0, 32;
    %cmp/e;
    %flag_get/vec4 4;
    %load/vec4 v0x564cb3ec7540_0;
    %parti/s 3, 12, 5;
    %pad/u 32;
    %pushi/vec4 0, 0, 32;
    %cmp/e;
    %flag_get/vec4 4;
    %and;
    %flag_set/vec4 8;
    %jmp/0xz  T_1.48, 8;
    %pushi/vec4 29, 0, 6;
    %store/vec4 v0x564cb3ec7620_0, 0, 6;
T_1.48 ;
    %load/vec4 v0x564cb3ec7540_0;
    %parti/s 7, 25, 6;
    %pad/u 32;
    %pushi/vec4 0, 0, 32;
    %cmp/e;
    %flag_get/vec4 4;
    %load/vec4 v0x564cb3ec7540_0;
    %parti/s 3, 12, 5;
    %pad/u 32;
    %pushi/vec4 1, 0, 32;
    %cmp/e;
    %flag_get/vec4 4;
    %and;
    %flag_set/vec4 8;
    %jmp/0xz  T_1.50, 8;
    %pushi/vec4 30, 0, 6;
    %store/vec4 v0x564cb3ec7620_0, 0, 6;
T_1.50 ;
    %load/vec4 v0x564cb3ec7540_0;
    %parti/s 7, 25, 6;
    %pad/u 32;
    %pushi/vec4 0, 0, 32;
    %cmp/e;
    %flag_get/vec4 4;
    %load/vec4 v0x564cb3ec7540_0;
    %parti/s 3, 12, 5;
    %pad/u 32;
    %pushi/vec4 10, 0, 32;
    %cmp/e;
    %flag_get/vec4 4;
    %and;
    %flag_set/vec4 8;
    %jmp/0xz  T_1.52, 8;
    %pushi/vec4 31, 0, 6;
    %store/vec4 v0x564cb3ec7620_0, 0, 6;
T_1.52 ;
    %load/vec4 v0x564cb3ec7540_0;
    %parti/s 7, 25, 6;
    %pad/u 32;
    %pushi/vec4 0, 0, 32;
    %cmp/e;
    %flag_get/vec4 4;
    %load/vec4 v0x564cb3ec7540_0;
    %parti/s 3, 12, 5;
    %pad/u 32;
    %pushi/vec4 11, 0, 32;
    %cmp/e;
    %flag_get/vec4 4;
    %and;
    %flag_set/vec4 8;
    %jmp/0xz  T_1.54, 8;
    %pushi/vec4 32, 0, 6;
    %store/vec4 v0x564cb3ec7620_0, 0, 6;
T_1.54 ;
    %load/vec4 v0x564cb3ec7540_0;
    %parti/s 7, 25, 6;
    %pad/u 32;
    %pushi/vec4 0, 0, 32;
    %cmp/e;
    %flag_get/vec4 4;
    %load/vec4 v0x564cb3ec7540_0;
    %parti/s 3, 12, 5;
    %pad/u 32;
    %pushi/vec4 100, 0, 32;
    %cmp/e;
    %flag_get/vec4 4;
    %and;
    %flag_set/vec4 8;
    %jmp/0xz  T_1.56, 8;
    %pushi/vec4 33, 0, 6;
    %store/vec4 v0x564cb3ec7620_0, 0, 6;
T_1.56 ;
    %load/vec4 v0x564cb3ec7540_0;
    %parti/s 7, 25, 6;
    %pad/u 32;
    %pushi/vec4 0, 0, 32;
    %cmp/e;
    %flag_get/vec4 4;
    %load/vec4 v0x564cb3ec7540_0;
    %parti/s 3, 12, 5;
    %pad/u 32;
    %pushi/vec4 101, 0, 32;
    %cmp/e;
    %flag_get/vec4 4;
    %and;
    %flag_set/vec4 8;
    %jmp/0xz  T_1.58, 8;
    %pushi/vec4 34, 0, 6;
    %store/vec4 v0x564cb3ec7620_0, 0, 6;
T_1.58 ;
    %load/vec4 v0x564cb3ec7540_0;
    %parti/s 7, 25, 6;
    %pad/u 32;
    %pushi/vec4 100000, 0, 32;
    %cmp/e;
    %flag_get/vec4 4;
    %load/vec4 v0x564cb3ec7540_0;
    %parti/s 3, 12, 5;
    %pad/u 32;
    %pushi/vec4 101, 0, 32;
    %cmp/e;
    %flag_get/vec4 4;
    %and;
    %flag_set/vec4 8;
    %jmp/0xz  T_1.60, 8;
    %pushi/vec4 35, 0, 6;
    %store/vec4 v0x564cb3ec7620_0, 0, 6;
T_1.60 ;
    %load/vec4 v0x564cb3ec7540_0;
    %parti/s 7, 25, 6;
    %pad/u 32;
    %pushi/vec4 0, 0, 32;
    %cmp/e;
    %flag_get/vec4 4;
    %load/vec4 v0x564cb3ec7540_0;
    %parti/s 3, 12, 5;
    %pad/u 32;
    %pushi/vec4 110, 0, 32;
    %cmp/e;
    %flag_get/vec4 4;
    %and;
    %flag_set/vec4 8;
    %jmp/0xz  T_1.62, 8;
    %pushi/vec4 36, 0, 6;
    %store/vec4 v0x564cb3ec7620_0, 0, 6;
T_1.62 ;
    %load/vec4 v0x564cb3ec7540_0;
    %parti/s 7, 25, 6;
    %pad/u 32;
    %pushi/vec4 0, 0, 32;
    %cmp/e;
    %flag_get/vec4 4;
    %load/vec4 v0x564cb3ec7540_0;
    %parti/s 3, 12, 5;
    %pad/u 32;
    %pushi/vec4 111, 0, 32;
    %cmp/e;
    %flag_get/vec4 4;
    %and;
    %flag_set/vec4 8;
    %jmp/0xz  T_1.64, 8;
    %pushi/vec4 37, 0, 6;
    %store/vec4 v0x564cb3ec7620_0, 0, 6;
T_1.64 ;
T_1.44 ;
T_1.1 ;
    %jmp T_1;
    .thread T_1;
    .scope S_0x564cb3e8a950;
T_2 ;
    %wait E_0x564cb3e8c230;
    %load/vec4 v0x564cb3ec7620_0;
    %dup/vec4;
    %pushi/vec4 1, 0, 6;
    %cmp/u;
    %jmp/1 T_2.0, 6;
    %dup/vec4;
    %pushi/vec4 11, 0, 6;
    %cmp/u;
    %jmp/1 T_2.1, 6;
    %dup/vec4;
    %pushi/vec4 12, 0, 6;
    %cmp/u;
    %jmp/1 T_2.2, 6;
    %dup/vec4;
    %pushi/vec4 13, 0, 6;
    %cmp/u;
    %jmp/1 T_2.3, 6;
    %dup/vec4;
    %pushi/vec4 14, 0, 6;
    %cmp/u;
    %jmp/1 T_2.4, 6;
    %dup/vec4;
    %pushi/vec4 15, 0, 6;
    %cmp/u;
    %jmp/1 T_2.5, 6;
    %dup/vec4;
    %pushi/vec4 16, 0, 6;
    %cmp/u;
    %jmp/1 T_2.6, 6;
    %dup/vec4;
    %pushi/vec4 17, 0, 6;
    %cmp/u;
    %jmp/1 T_2.7, 6;
    %dup/vec4;
    %pushi/vec4 18, 0, 6;
    %cmp/u;
    %jmp/1 T_2.8, 6;
    %dup/vec4;
    %pushi/vec4 19, 0, 6;
    %cmp/u;
    %jmp/1 T_2.9, 6;
    %dup/vec4;
    %pushi/vec4 20, 0, 6;
    %cmp/u;
    %jmp/1 T_2.10, 6;
    %dup/vec4;
    %pushi/vec4 21, 0, 6;
    %cmp/u;
    %jmp/1 T_2.11, 6;
    %dup/vec4;
    %pushi/vec4 22, 0, 6;
    %cmp/u;
    %jmp/1 T_2.12, 6;
    %dup/vec4;
    %pushi/vec4 23, 0, 6;
    %cmp/u;
    %jmp/1 T_2.13, 6;
    %dup/vec4;
    %pushi/vec4 24, 0, 6;
    %cmp/u;
    %jmp/1 T_2.14, 6;
    %dup/vec4;
    %pushi/vec4 25, 0, 6;
    %cmp/u;
    %jmp/1 T_2.15, 6;
    %dup/vec4;
    %pushi/vec4 26, 0, 6;
    %cmp/u;
    %jmp/1 T_2.16, 6;
    %dup/vec4;
    %pushi/vec4 27, 0, 6;
    %cmp/u;
    %jmp/1 T_2.17, 6;
    %dup/vec4;
    %pushi/vec4 28, 0, 6;
    %cmp/u;
    %jmp/1 T_2.18, 6;
    %dup/vec4;
    %pushi/vec4 29, 0, 6;
    %cmp/u;
    %jmp/1 T_2.19, 6;
    %dup/vec4;
    %pushi/vec4 30, 0, 6;
    %cmp/u;
    %jmp/1 T_2.20, 6;
    %dup/vec4;
    %pushi/vec4 31, 0, 6;
    %cmp/u;
    %jmp/1 T_2.21, 6;
    %dup/vec4;
    %pushi/vec4 32, 0, 6;
    %cmp/u;
    %jmp/1 T_2.22, 6;
    %dup/vec4;
    %pushi/vec4 33, 0, 6;
    %cmp/u;
    %jmp/1 T_2.23, 6;
    %dup/vec4;
    %pushi/vec4 34, 0, 6;
    %cmp/u;
    %jmp/1 T_2.24, 6;
    %dup/vec4;
    %pushi/vec4 35, 0, 6;
    %cmp/u;
    %jmp/1 T_2.25, 6;
    %dup/vec4;
    %pushi/vec4 36, 0, 6;
    %cmp/u;
    %jmp/1 T_2.26, 6;
    %dup/vec4;
    %pushi/vec4 37, 0, 6;
    %cmp/u;
    %jmp/1 T_2.27, 6;
    %jmp T_2.28;
T_2.0 ;
    %load/vec4 v0x564cb3ec7540_0;
    %parti/s 20, 12, 5;
    %pad/u 32;
    %ix/load 4, 12, 0;
    %flag_set/imm 4, 0;
    %shiftl 4;
    %store/vec4 v0x564cb3ec7220_0, 0, 32;
    %load/vec4 v0x564cb3ec7540_0;
    %parti/s 5, 7, 4;
    %store/vec4 v0x564cb3ec7700_0, 0, 5;
    %pushi/vec4 1, 0, 1;
    %store/vec4 v0x564cb3ec77c0_0, 0, 1;
    %vpi_call 2 101 "$display", "LUI is gettting done" {0 0 0};
    %jmp T_2.28;
T_2.1 ;
    %load/vec4 v0x564cb3ec7540_0;
    %parti/s 5, 15, 5;
    %store/vec4 v0x564cb3ec7930_0, 0, 5;
    %load/vec4 v0x564cb3ec7540_0;
    %parti/s 5, 7, 4;
    %store/vec4 v0x564cb3ec7700_0, 0, 5;
    %load/vec4 v0x564cb3ec70c0_0;
    %load/vec4 v0x564cb3ec7540_0;
    %parti/s 1, 31, 6;
    %replicate 20;
    %load/vec4 v0x564cb3ec7540_0;
    %parti/s 12, 20, 6;
    %concat/vec4; draw_concat_vec4
    %add;
    %store/vec4 v0x564cb3ec7d80_0, 0, 32;
    %load/vec4 v0x564cb3ec7d80_0;
    %parti/s 1, 7, 4;
    %replicate 24;
    %load/vec4 v0x564cb3ec7d80_0;
    %parti/s 8, 0, 2;
    %concat/vec4; draw_concat_vec4
    %store/vec4 v0x564cb3ec7220_0, 0, 32;
    %pushi/vec4 1, 0, 1;
    %store/vec4 v0x564cb3ec77c0_0, 0, 1;
    %pushi/vec4 0, 0, 32;
    %store/vec4 v0x564cb3ec7d80_0, 0, 32;
    %vpi_call 2 113 "$display", "LB is gettting done" {0 0 0};
    %jmp T_2.28;
T_2.2 ;
    %load/vec4 v0x564cb3ec7540_0;
    %parti/s 5, 15, 5;
    %store/vec4 v0x564cb3ec7930_0, 0, 5;
    %load/vec4 v0x564cb3ec7540_0;
    %parti/s 5, 7, 4;
    %store/vec4 v0x564cb3ec7700_0, 0, 5;
    %load/vec4 v0x564cb3ec70c0_0;
    %load/vec4 v0x564cb3ec7540_0;
    %parti/s 1, 31, 6;
    %replicate 20;
    %load/vec4 v0x564cb3ec7540_0;
    %parti/s 12, 20, 6;
    %concat/vec4; draw_concat_vec4
    %add;
    %store/vec4 v0x564cb3ec7d80_0, 0, 32;
    %load/vec4 v0x564cb3ec7d80_0;
    %parti/s 1, 15, 5;
    %replicate 16;
    %load/vec4 v0x564cb3ec7d80_0;
    %parti/s 16, 0, 2;
    %concat/vec4; draw_concat_vec4
    %store/vec4 v0x564cb3ec7220_0, 0, 32;
    %pushi/vec4 1, 0, 1;
    %store/vec4 v0x564cb3ec77c0_0, 0, 1;
    %pushi/vec4 0, 0, 32;
    %store/vec4 v0x564cb3ec7d80_0, 0, 32;
    %vpi_call 2 125 "$display", "LH is gettting done" {0 0 0};
    %jmp T_2.28;
T_2.3 ;
    %load/vec4 v0x564cb3ec7540_0;
    %parti/s 5, 15, 5;
    %store/vec4 v0x564cb3ec7930_0, 0, 5;
    %load/vec4 v0x564cb3ec7540_0;
    %parti/s 5, 7, 4;
    %store/vec4 v0x564cb3ec7700_0, 0, 5;
    %load/vec4 v0x564cb3ec70c0_0;
    %load/vec4 v0x564cb3ec7540_0;
    %parti/s 1, 31, 6;
    %replicate 20;
    %load/vec4 v0x564cb3ec7540_0;
    %parti/s 12, 20, 6;
    %concat/vec4; draw_concat_vec4
    %add;
    %store/vec4 v0x564cb3ec7d80_0, 0, 32;
    %load/vec4 v0x564cb3ec7d80_0;
    %store/vec4 v0x564cb3ec7220_0, 0, 32;
    %pushi/vec4 1, 0, 1;
    %store/vec4 v0x564cb3ec77c0_0, 0, 1;
    %pushi/vec4 0, 0, 32;
    %store/vec4 v0x564cb3ec7d80_0, 0, 32;
    %vpi_call 2 138 "$display", "LW is gettting done" {0 0 0};
    %jmp T_2.28;
T_2.4 ;
    %load/vec4 v0x564cb3ec7540_0;
    %parti/s 5, 15, 5;
    %store/vec4 v0x564cb3ec7930_0, 0, 5;
    %load/vec4 v0x564cb3ec7540_0;
    %parti/s 5, 7, 4;
    %store/vec4 v0x564cb3ec7700_0, 0, 5;
    %load/vec4 v0x564cb3ec70c0_0;
    %load/vec4 v0x564cb3ec7540_0;
    %parti/s 1, 31, 6;
    %replicate 20;
    %load/vec4 v0x564cb3ec7540_0;
    %parti/s 12, 20, 6;
    %concat/vec4; draw_concat_vec4
    %add;
    %store/vec4 v0x564cb3ec7d80_0, 0, 32;
    %pushi/vec4 0, 0, 24;
    %load/vec4 v0x564cb3ec7d80_0;
    %parti/s 8, 0, 2;
    %concat/vec4; draw_concat_vec4
    %store/vec4 v0x564cb3ec7220_0, 0, 32;
    %pushi/vec4 1, 0, 1;
    %store/vec4 v0x564cb3ec77c0_0, 0, 1;
    %pushi/vec4 0, 0, 32;
    %store/vec4 v0x564cb3ec7d80_0, 0, 32;
    %vpi_call 2 150 "$display", "LBU is gettting done" {0 0 0};
    %jmp T_2.28;
T_2.5 ;
    %load/vec4 v0x564cb3ec7540_0;
    %parti/s 5, 15, 5;
    %store/vec4 v0x564cb3ec7930_0, 0, 5;
    %load/vec4 v0x564cb3ec7540_0;
    %parti/s 5, 7, 4;
    %store/vec4 v0x564cb3ec7700_0, 0, 5;
    %load/vec4 v0x564cb3ec70c0_0;
    %load/vec4 v0x564cb3ec7540_0;
    %parti/s 1, 31, 6;
    %replicate 20;
    %load/vec4 v0x564cb3ec7540_0;
    %parti/s 12, 20, 6;
    %concat/vec4; draw_concat_vec4
    %add;
    %store/vec4 v0x564cb3ec7d80_0, 0, 32;
    %pushi/vec4 0, 0, 16;
    %load/vec4 v0x564cb3ec7d80_0;
    %parti/s 16, 0, 2;
    %concat/vec4; draw_concat_vec4
    %store/vec4 v0x564cb3ec7220_0, 0, 32;
    %pushi/vec4 1, 0, 1;
    %store/vec4 v0x564cb3ec77c0_0, 0, 1;
    %pushi/vec4 0, 0, 32;
    %store/vec4 v0x564cb3ec7d80_0, 0, 32;
    %vpi_call 2 163 "$display", "LHU is gettting done" {0 0 0};
    %jmp T_2.28;
T_2.6 ;
    %load/vec4 v0x564cb3ec7540_0;
    %parti/s 5, 15, 5;
    %store/vec4 v0x564cb3ec7930_0, 0, 5;
    %load/vec4 v0x564cb3ec7540_0;
    %parti/s 5, 20, 6;
    %store/vec4 v0x564cb3ec7a00_0, 0, 5;
    %load/vec4 v0x564cb3ec70c0_0;
    %load/vec4 v0x564cb3ec7540_0;
    %parti/s 1, 31, 6;
    %replicate 20;
    %load/vec4 v0x564cb3ec7540_0;
    %parti/s 7, 25, 6;
    %concat/vec4; draw_concat_vec4
    %load/vec4 v0x564cb3ec7540_0;
    %parti/s 5, 7, 4;
    %concat/vec4; draw_concat_vec4
    %add;
    %store/vec4 v0x564cb3ec6f40_0, 0, 32;
    %vpi_call 2 171 "$display", "SB is gettting done" {0 0 0};
    %load/vec4 v0x564cb3ec6f40_0;
    %parti/s 2, 0, 2;
    %cmpi/e 0, 0, 2;
    %jmp/0xz  T_2.29, 4;
    %pushi/vec4 1, 0, 4;
    %store/vec4 v0x564cb3ec7380_0, 0, 4;
    %load/vec4 v0x564cb3ec7220_0;
    %store/vec4 v0x564cb3ec72c0_0, 0, 32;
    %jmp T_2.30;
T_2.29 ;
    %load/vec4 v0x564cb3ec6f40_0;
    %parti/s 2, 0, 2;
    %cmpi/e 1, 0, 2;
    %jmp/0xz  T_2.31, 4;
    %pushi/vec4 2, 0, 4;
    %store/vec4 v0x564cb3ec7380_0, 0, 4;
    %load/vec4 v0x564cb3ec7220_0;
    %store/vec4 v0x564cb3ec72c0_0, 0, 32;
    %jmp T_2.32;
T_2.31 ;
    %load/vec4 v0x564cb3ec6f40_0;
    %parti/s 2, 0, 2;
    %cmpi/e 2, 0, 2;
    %jmp/0xz  T_2.33, 4;
    %pushi/vec4 4, 0, 4;
    %store/vec4 v0x564cb3ec7380_0, 0, 4;
    %load/vec4 v0x564cb3ec7220_0;
    %store/vec4 v0x564cb3ec72c0_0, 0, 32;
    %jmp T_2.34;
T_2.33 ;
    %pushi/vec4 8, 0, 4;
    %store/vec4 v0x564cb3ec7380_0, 0, 4;
    %load/vec4 v0x564cb3ec7220_0;
    %store/vec4 v0x564cb3ec72c0_0, 0, 32;
T_2.34 ;
T_2.32 ;
T_2.30 ;
    %jmp T_2.28;
T_2.7 ;
    %load/vec4 v0x564cb3ec7540_0;
    %parti/s 5, 15, 5;
    %store/vec4 v0x564cb3ec7930_0, 0, 5;
    %load/vec4 v0x564cb3ec7540_0;
    %parti/s 5, 20, 6;
    %store/vec4 v0x564cb3ec7a00_0, 0, 5;
    %load/vec4 v0x564cb3ec70c0_0;
    %load/vec4 v0x564cb3ec7540_0;
    %parti/s 1, 31, 6;
    %replicate 20;
    %load/vec4 v0x564cb3ec7540_0;
    %parti/s 7, 25, 6;
    %concat/vec4; draw_concat_vec4
    %load/vec4 v0x564cb3ec7540_0;
    %parti/s 5, 7, 4;
    %concat/vec4; draw_concat_vec4
    %add;
    %store/vec4 v0x564cb3ec6f40_0, 0, 32;
    %vpi_call 2 196 "$display", "SH is gettting done" {0 0 0};
    %load/vec4 v0x564cb3ec6f40_0;
    %parti/s 2, 0, 2;
    %cmpi/e 0, 0, 2;
    %flag_mov 8, 4;
    %load/vec4 v0x564cb3ec6f40_0;
    %parti/s 2, 0, 2;
    %cmpi/e 2, 0, 2;
    %flag_or 4, 8;
    %jmp/0xz  T_2.35, 4;
    %pushi/vec4 3, 0, 4;
    %store/vec4 v0x564cb3ec7380_0, 0, 4;
    %load/vec4 v0x564cb3ec7220_0;
    %store/vec4 v0x564cb3ec72c0_0, 0, 32;
    %jmp T_2.36;
T_2.35 ;
    %pushi/vec4 12, 0, 4;
    %store/vec4 v0x564cb3ec7380_0, 0, 4;
    %load/vec4 v0x564cb3ec7220_0;
    %store/vec4 v0x564cb3ec72c0_0, 0, 32;
T_2.36 ;
    %jmp T_2.28;
T_2.8 ;
    %load/vec4 v0x564cb3ec7540_0;
    %parti/s 5, 15, 5;
    %store/vec4 v0x564cb3ec7930_0, 0, 5;
    %load/vec4 v0x564cb3ec7540_0;
    %parti/s 5, 20, 6;
    %store/vec4 v0x564cb3ec7a00_0, 0, 5;
    %load/vec4 v0x564cb3ec70c0_0;
    %load/vec4 v0x564cb3ec7540_0;
    %parti/s 1, 31, 6;
    %replicate 20;
    %load/vec4 v0x564cb3ec7540_0;
    %parti/s 7, 25, 6;
    %concat/vec4; draw_concat_vec4
    %load/vec4 v0x564cb3ec7540_0;
    %parti/s 5, 7, 4;
    %concat/vec4; draw_concat_vec4
    %add;
    %store/vec4 v0x564cb3ec6f40_0, 0, 32;
    %pushi/vec4 15, 0, 4;
    %store/vec4 v0x564cb3ec7380_0, 0, 4;
    %load/vec4 v0x564cb3ec7220_0;
    %store/vec4 v0x564cb3ec72c0_0, 0, 32;
    %vpi_call 2 215 "$display", "SW is gettting done" {0 0 0};
    %jmp T_2.28;
T_2.9 ;
    %load/vec4 v0x564cb3ec7540_0;
    %parti/s 5, 15, 5;
    %store/vec4 v0x564cb3ec7930_0, 0, 5;
    %load/vec4 v0x564cb3ec7540_0;
    %parti/s 5, 7, 4;
    %store/vec4 v0x564cb3ec7700_0, 0, 5;
    %load/vec4 v0x564cb3ec70c0_0;
    %load/vec4 v0x564cb3ec7540_0;
    %parti/s 1, 31, 6;
    %replicate 20;
    %load/vec4 v0x564cb3ec7540_0;
    %parti/s 12, 20, 6;
    %concat/vec4; draw_concat_vec4
    %add;
    %store/vec4 v0x564cb3ec7220_0, 0, 32;
    %pushi/vec4 1, 0, 1;
    %store/vec4 v0x564cb3ec77c0_0, 0, 1;
    %vpi_call 2 224 "$display", "ADDI is gettting done" {0 0 0};
    %jmp T_2.28;
T_2.10 ;
    %load/vec4 v0x564cb3ec7540_0;
    %parti/s 5, 15, 5;
    %store/vec4 v0x564cb3ec7930_0, 0, 5;
    %load/vec4 v0x564cb3ec7540_0;
    %parti/s 5, 7, 4;
    %store/vec4 v0x564cb3ec7700_0, 0, 5;
    %load/vec4 v0x564cb3ec70c0_0;
    %store/vec4 v0x564cb3ec7ad0_0, 0, 32;
    %load/vec4 v0x564cb3ec7540_0;
    %parti/s 1, 31, 6;
    %replicate 20;
    %load/vec4 v0x564cb3ec7540_0;
    %parti/s 12, 20, 6;
    %concat/vec4; draw_concat_vec4
    %store/vec4 v0x564cb3ec7ca0_0, 0, 32;
    %load/vec4 v0x564cb3ec7ad0_0;
    %load/vec4 v0x564cb3ec7ca0_0;
    %cmp/s;
    %flag_mov 8, 5;
    %jmp/0 T_2.37, 8;
    %pushi/vec4 1, 0, 32;
    %jmp/1 T_2.38, 8;
T_2.37 ; End of true expr.
    %pushi/vec4 0, 0, 32;
    %jmp/0 T_2.38, 8;
 ; End of false expr.
    %blend;
T_2.38;
    %store/vec4 v0x564cb3ec7220_0, 0, 32;
    %pushi/vec4 1, 0, 1;
    %store/vec4 v0x564cb3ec77c0_0, 0, 1;
    %pushi/vec4 0, 0, 32;
    %store/vec4 v0x564cb3ec7ad0_0, 0, 32;
    %pushi/vec4 0, 0, 32;
    %store/vec4 v0x564cb3ec7ca0_0, 0, 32;
    %vpi_call 2 236 "$display", "SLTI is gettting done" {0 0 0};
    %jmp T_2.28;
T_2.11 ;
    %load/vec4 v0x564cb3ec7540_0;
    %parti/s 5, 15, 5;
    %store/vec4 v0x564cb3ec7930_0, 0, 5;
    %load/vec4 v0x564cb3ec7540_0;
    %parti/s 5, 7, 4;
    %store/vec4 v0x564cb3ec7700_0, 0, 5;
    %load/vec4 v0x564cb3ec70c0_0;
    %pushi/vec4 0, 0, 20;
    %load/vec4 v0x564cb3ec7540_0;
    %parti/s 12, 20, 6;
    %concat/vec4; draw_concat_vec4
    %cmp/u;
    %flag_mov 8, 5;
    %jmp/0 T_2.39, 8;
    %pushi/vec4 1, 0, 32;
    %jmp/1 T_2.40, 8;
T_2.39 ; End of true expr.
    %pushi/vec4 0, 0, 32;
    %jmp/0 T_2.40, 8;
 ; End of false expr.
    %blend;
T_2.40;
    %store/vec4 v0x564cb3ec7220_0, 0, 32;
    %pushi/vec4 1, 0, 1;
    %store/vec4 v0x564cb3ec77c0_0, 0, 1;
    %vpi_call 2 244 "$display", "SLTIU is gettting done" {0 0 0};
    %jmp T_2.28;
T_2.12 ;
    %load/vec4 v0x564cb3ec7540_0;
    %parti/s 5, 15, 5;
    %store/vec4 v0x564cb3ec7930_0, 0, 5;
    %load/vec4 v0x564cb3ec7540_0;
    %parti/s 5, 7, 4;
    %store/vec4 v0x564cb3ec7700_0, 0, 5;
    %load/vec4 v0x564cb3ec70c0_0;
    %load/vec4 v0x564cb3ec7540_0;
    %parti/s 1, 31, 6;
    %replicate 20;
    %load/vec4 v0x564cb3ec7540_0;
    %parti/s 12, 20, 6;
    %concat/vec4; draw_concat_vec4
    %xor;
    %store/vec4 v0x564cb3ec7220_0, 0, 32;
    %pushi/vec4 1, 0, 1;
    %store/vec4 v0x564cb3ec77c0_0, 0, 1;
    %vpi_call 2 252 "$display", "XORI is gettting done" {0 0 0};
    %jmp T_2.28;
T_2.13 ;
    %load/vec4 v0x564cb3ec7540_0;
    %parti/s 5, 15, 5;
    %store/vec4 v0x564cb3ec7930_0, 0, 5;
    %load/vec4 v0x564cb3ec7540_0;
    %parti/s 5, 7, 4;
    %store/vec4 v0x564cb3ec7700_0, 0, 5;
    %load/vec4 v0x564cb3ec70c0_0;
    %load/vec4 v0x564cb3ec7540_0;
    %parti/s 1, 31, 6;
    %replicate 20;
    %load/vec4 v0x564cb3ec7540_0;
    %parti/s 12, 20, 6;
    %concat/vec4; draw_concat_vec4
    %or;
    %store/vec4 v0x564cb3ec7220_0, 0, 32;
    %pushi/vec4 1, 0, 1;
    %store/vec4 v0x564cb3ec77c0_0, 0, 1;
    %vpi_call 2 260 "$display", "ORI is gettting done" {0 0 0};
    %jmp T_2.28;
T_2.14 ;
    %load/vec4 v0x564cb3ec7540_0;
    %parti/s 5, 15, 5;
    %store/vec4 v0x564cb3ec7930_0, 0, 5;
    %load/vec4 v0x564cb3ec7540_0;
    %parti/s 5, 7, 4;
    %store/vec4 v0x564cb3ec7700_0, 0, 5;
    %load/vec4 v0x564cb3ec70c0_0;
    %load/vec4 v0x564cb3ec7540_0;
    %parti/s 1, 31, 6;
    %replicate 20;
    %load/vec4 v0x564cb3ec7540_0;
    %parti/s 12, 20, 6;
    %concat/vec4; draw_concat_vec4
    %and;
    %store/vec4 v0x564cb3ec7220_0, 0, 32;
    %pushi/vec4 1, 0, 1;
    %store/vec4 v0x564cb3ec77c0_0, 0, 1;
    %vpi_call 2 268 "$display", "ANDI is gettting done" {0 0 0};
    %jmp T_2.28;
T_2.15 ;
    %load/vec4 v0x564cb3ec7540_0;
    %parti/s 5, 15, 5;
    %store/vec4 v0x564cb3ec7930_0, 0, 5;
    %load/vec4 v0x564cb3ec7540_0;
    %parti/s 5, 7, 4;
    %store/vec4 v0x564cb3ec7700_0, 0, 5;
    %load/vec4 v0x564cb3ec70c0_0;
    %load/vec4 v0x564cb3ec7540_0;
    %parti/s 5, 15, 5;
    %ix/vec4 4;
    %shiftl 4;
    %store/vec4 v0x564cb3ec7220_0, 0, 32;
    %pushi/vec4 1, 0, 1;
    %store/vec4 v0x564cb3ec77c0_0, 0, 1;
    %vpi_call 2 276 "$display", "SLLI is gettting done" {0 0 0};
    %jmp T_2.28;
T_2.16 ;
    %load/vec4 v0x564cb3ec7540_0;
    %parti/s 5, 15, 5;
    %store/vec4 v0x564cb3ec7930_0, 0, 5;
    %load/vec4 v0x564cb3ec7540_0;
    %parti/s 5, 7, 4;
    %store/vec4 v0x564cb3ec7700_0, 0, 5;
    %load/vec4 v0x564cb3ec70c0_0;
    %load/vec4 v0x564cb3ec7540_0;
    %parti/s 5, 15, 5;
    %ix/vec4 4;
    %shiftr 4;
    %store/vec4 v0x564cb3ec7220_0, 0, 32;
    %pushi/vec4 1, 0, 1;
    %store/vec4 v0x564cb3ec77c0_0, 0, 1;
    %vpi_call 2 284 "$display", "SRLI is gettting done" {0 0 0};
    %jmp T_2.28;
T_2.17 ;
    %load/vec4 v0x564cb3ec7540_0;
    %parti/s 5, 15, 5;
    %store/vec4 v0x564cb3ec7930_0, 0, 5;
    %load/vec4 v0x564cb3ec7540_0;
    %parti/s 5, 7, 4;
    %store/vec4 v0x564cb3ec7700_0, 0, 5;
    %load/vec4 v0x564cb3ec70c0_0;
    %load/vec4 v0x564cb3ec7540_0;
    %parti/s 5, 15, 5;
    %ix/vec4 4;
    %shiftr 4;
    %store/vec4 v0x564cb3ec7220_0, 0, 32;
    %pushi/vec4 1, 0, 1;
    %store/vec4 v0x564cb3ec77c0_0, 0, 1;
    %vpi_call 2 292 "$display", "SRAI is gettting done" {0 0 0};
    %jmp T_2.28;
T_2.18 ;
    %load/vec4 v0x564cb3ec7540_0;
    %parti/s 5, 15, 5;
    %store/vec4 v0x564cb3ec7930_0, 0, 5;
    %load/vec4 v0x564cb3ec7540_0;
    %parti/s 5, 20, 6;
    %store/vec4 v0x564cb3ec7a00_0, 0, 5;
    %load/vec4 v0x564cb3ec7540_0;
    %parti/s 5, 7, 4;
    %store/vec4 v0x564cb3ec7700_0, 0, 5;
    %load/vec4 v0x564cb3ec70c0_0;
    %load/vec4 v0x564cb3ec7180_0;
    %add;
    %store/vec4 v0x564cb3ec7220_0, 0, 32;
    %pushi/vec4 1, 0, 1;
    %store/vec4 v0x564cb3ec77c0_0, 0, 1;
    %vpi_call 2 301 "$display", "ADD is gettting done" {0 0 0};
    %jmp T_2.28;
T_2.19 ;
    %load/vec4 v0x564cb3ec7540_0;
    %parti/s 5, 15, 5;
    %store/vec4 v0x564cb3ec7930_0, 0, 5;
    %load/vec4 v0x564cb3ec7540_0;
    %parti/s 5, 20, 6;
    %store/vec4 v0x564cb3ec7a00_0, 0, 5;
    %load/vec4 v0x564cb3ec7540_0;
    %parti/s 5, 7, 4;
    %store/vec4 v0x564cb3ec7700_0, 0, 5;
    %load/vec4 v0x564cb3ec70c0_0;
    %load/vec4 v0x564cb3ec7180_0;
    %sub;
    %store/vec4 v0x564cb3ec7220_0, 0, 32;
    %pushi/vec4 1, 0, 1;
    %store/vec4 v0x564cb3ec77c0_0, 0, 1;
    %vpi_call 2 310 "$display", "SUB is gettting done" {0 0 0};
    %jmp T_2.28;
T_2.20 ;
    %load/vec4 v0x564cb3ec7540_0;
    %parti/s 5, 15, 5;
    %store/vec4 v0x564cb3ec7930_0, 0, 5;
    %load/vec4 v0x564cb3ec7540_0;
    %parti/s 5, 20, 6;
    %store/vec4 v0x564cb3ec7a00_0, 0, 5;
    %load/vec4 v0x564cb3ec7540_0;
    %parti/s 5, 7, 4;
    %store/vec4 v0x564cb3ec7700_0, 0, 5;
    %load/vec4 v0x564cb3ec70c0_0;
    %ix/getv 4, v0x564cb3ec7180_0;
    %shiftl 4;
    %store/vec4 v0x564cb3ec7220_0, 0, 32;
    %pushi/vec4 1, 0, 1;
    %store/vec4 v0x564cb3ec77c0_0, 0, 1;
    %vpi_call 2 319 "$display", "SLL is gettting done" {0 0 0};
    %jmp T_2.28;
T_2.21 ;
    %load/vec4 v0x564cb3ec7540_0;
    %parti/s 5, 15, 5;
    %store/vec4 v0x564cb3ec7930_0, 0, 5;
    %load/vec4 v0x564cb3ec7540_0;
    %parti/s 5, 20, 6;
    %store/vec4 v0x564cb3ec7a00_0, 0, 5;
    %load/vec4 v0x564cb3ec7540_0;
    %parti/s 5, 7, 4;
    %store/vec4 v0x564cb3ec7700_0, 0, 5;
    %load/vec4 v0x564cb3ec70c0_0;
    %store/vec4 v0x564cb3ec7ad0_0, 0, 32;
    %load/vec4 v0x564cb3ec7180_0;
    %store/vec4 v0x564cb3ec7ca0_0, 0, 32;
    %load/vec4 v0x564cb3ec7ad0_0;
    %load/vec4 v0x564cb3ec7ca0_0;
    %cmp/s;
    %flag_mov 8, 5;
    %jmp/0 T_2.41, 8;
    %pushi/vec4 1, 0, 32;
    %jmp/1 T_2.42, 8;
T_2.41 ; End of true expr.
    %pushi/vec4 0, 0, 32;
    %jmp/0 T_2.42, 8;
 ; End of false expr.
    %blend;
T_2.42;
    %store/vec4 v0x564cb3ec7220_0, 0, 32;
    %pushi/vec4 1, 0, 1;
    %store/vec4 v0x564cb3ec77c0_0, 0, 1;
    %pushi/vec4 0, 0, 32;
    %store/vec4 v0x564cb3ec7ad0_0, 0, 32;
    %pushi/vec4 0, 0, 32;
    %store/vec4 v0x564cb3ec7ca0_0, 0, 32;
    %vpi_call 2 332 "$display", "SLT is gettting done" {0 0 0};
    %jmp T_2.28;
T_2.22 ;
    %load/vec4 v0x564cb3ec7540_0;
    %parti/s 5, 15, 5;
    %store/vec4 v0x564cb3ec7930_0, 0, 5;
    %load/vec4 v0x564cb3ec7540_0;
    %parti/s 5, 20, 6;
    %store/vec4 v0x564cb3ec7a00_0, 0, 5;
    %load/vec4 v0x564cb3ec7540_0;
    %parti/s 5, 7, 4;
    %store/vec4 v0x564cb3ec7700_0, 0, 5;
    %load/vec4 v0x564cb3ec70c0_0;
    %load/vec4 v0x564cb3ec7180_0;
    %cmp/u;
    %flag_mov 8, 5;
    %jmp/0 T_2.43, 8;
    %pushi/vec4 1, 0, 32;
    %jmp/1 T_2.44, 8;
T_2.43 ; End of true expr.
    %pushi/vec4 0, 0, 32;
    %jmp/0 T_2.44, 8;
 ; End of false expr.
    %blend;
T_2.44;
    %store/vec4 v0x564cb3ec7220_0, 0, 32;
    %pushi/vec4 1, 0, 1;
    %store/vec4 v0x564cb3ec77c0_0, 0, 1;
    %vpi_call 2 341 "$display", "SLTU is gettting done" {0 0 0};
    %jmp T_2.28;
T_2.23 ;
    %load/vec4 v0x564cb3ec7540_0;
    %parti/s 5, 15, 5;
    %store/vec4 v0x564cb3ec7930_0, 0, 5;
    %load/vec4 v0x564cb3ec7540_0;
    %parti/s 5, 20, 6;
    %store/vec4 v0x564cb3ec7a00_0, 0, 5;
    %load/vec4 v0x564cb3ec7540_0;
    %parti/s 5, 7, 4;
    %store/vec4 v0x564cb3ec7700_0, 0, 5;
    %load/vec4 v0x564cb3ec70c0_0;
    %load/vec4 v0x564cb3ec7180_0;
    %xor;
    %store/vec4 v0x564cb3ec7220_0, 0, 32;
    %pushi/vec4 1, 0, 1;
    %store/vec4 v0x564cb3ec77c0_0, 0, 1;
    %vpi_call 2 350 "$display", "XOR is gettting done" {0 0 0};
    %jmp T_2.28;
T_2.24 ;
    %load/vec4 v0x564cb3ec7540_0;
    %parti/s 5, 15, 5;
    %store/vec4 v0x564cb3ec7930_0, 0, 5;
    %load/vec4 v0x564cb3ec7540_0;
    %parti/s 5, 20, 6;
    %store/vec4 v0x564cb3ec7a00_0, 0, 5;
    %load/vec4 v0x564cb3ec7540_0;
    %parti/s 5, 7, 4;
    %store/vec4 v0x564cb3ec7700_0, 0, 5;
    %load/vec4 v0x564cb3ec70c0_0;
    %load/vec4 v0x564cb3ec7180_0;
    %parti/s 5, 0, 2;
    %ix/vec4 4;
    %shiftr 4;
    %store/vec4 v0x564cb3ec7220_0, 0, 32;
    %pushi/vec4 1, 0, 1;
    %store/vec4 v0x564cb3ec77c0_0, 0, 1;
    %vpi_call 2 359 "$display", "SRL is gettting done" {0 0 0};
    %jmp T_2.28;
T_2.25 ;
    %load/vec4 v0x564cb3ec7540_0;
    %parti/s 5, 15, 5;
    %store/vec4 v0x564cb3ec7930_0, 0, 5;
    %load/vec4 v0x564cb3ec7540_0;
    %parti/s 5, 20, 6;
    %store/vec4 v0x564cb3ec7a00_0, 0, 5;
    %load/vec4 v0x564cb3ec7540_0;
    %parti/s 5, 7, 4;
    %store/vec4 v0x564cb3ec7700_0, 0, 5;
    %load/vec4 v0x564cb3ec70c0_0;
    %load/vec4 v0x564cb3ec7180_0;
    %parti/s 5, 0, 2;
    %ix/vec4 4;
    %shiftr 4;
    %store/vec4 v0x564cb3ec7220_0, 0, 32;
    %pushi/vec4 1, 0, 1;
    %store/vec4 v0x564cb3ec77c0_0, 0, 1;
    %vpi_call 2 368 "$display", "SRA is gettting done" {0 0 0};
    %jmp T_2.28;
T_2.26 ;
    %load/vec4 v0x564cb3ec7540_0;
    %parti/s 5, 15, 5;
    %store/vec4 v0x564cb3ec7930_0, 0, 5;
    %load/vec4 v0x564cb3ec7540_0;
    %parti/s 5, 20, 6;
    %store/vec4 v0x564cb3ec7a00_0, 0, 5;
    %load/vec4 v0x564cb3ec7540_0;
    %parti/s 5, 7, 4;
    %store/vec4 v0x564cb3ec7700_0, 0, 5;
    %load/vec4 v0x564cb3ec70c0_0;
    %load/vec4 v0x564cb3ec7180_0;
    %parti/s 5, 0, 2;
    %pad/u 32;
    %or;
    %store/vec4 v0x564cb3ec7220_0, 0, 32;
    %pushi/vec4 1, 0, 1;
    %store/vec4 v0x564cb3ec77c0_0, 0, 1;
    %vpi_call 2 377 "$display", "OR is gettting done" {0 0 0};
    %jmp T_2.28;
T_2.27 ;
    %load/vec4 v0x564cb3ec7540_0;
    %parti/s 5, 15, 5;
    %store/vec4 v0x564cb3ec7930_0, 0, 5;
    %load/vec4 v0x564cb3ec7540_0;
    %parti/s 5, 20, 6;
    %store/vec4 v0x564cb3ec7a00_0, 0, 5;
    %load/vec4 v0x564cb3ec7540_0;
    %parti/s 5, 7, 4;
    %store/vec4 v0x564cb3ec7700_0, 0, 5;
    %load/vec4 v0x564cb3ec70c0_0;
    %load/vec4 v0x564cb3ec7180_0;
    %parti/s 5, 0, 2;
    %pad/u 32;
    %and;
    %store/vec4 v0x564cb3ec7220_0, 0, 32;
    %pushi/vec4 1, 0, 1;
    %store/vec4 v0x564cb3ec77c0_0, 0, 1;
    %vpi_call 2 386 "$display", "AND is gettting done" {0 0 0};
    %jmp T_2.28;
T_2.28 ;
    %pop/vec4 1;
    %load/vec4 v0x564cb3ec7460_0;
    %addi 4, 0, 32;
    %store/vec4 v0x564cb3ec7460_0, 0, 32;
    %jmp T_2;
    .thread T_2, $push;
# The file index is used to find the file name in the following table.
:file_names 3;
    "N/A";
    "<interactive>";
    "cpu.v";
