#! /usr/bin/vvp
:ivl_version "11.0 (stable)";
:ivl_delay_selection "TYPICAL";
:vpi_time_precision + 0;
:vpi_module "/usr/lib/x86_64-linux-gnu/ivl/system.vpi";
:vpi_module "/usr/lib/x86_64-linux-gnu/ivl/vhdl_sys.vpi";
:vpi_module "/usr/lib/x86_64-linux-gnu/ivl/vhdl_textio.vpi";
:vpi_module "/usr/lib/x86_64-linux-gnu/ivl/v2005_math.vpi";
:vpi_module "/usr/lib/x86_64-linux-gnu/ivl/va_math.vpi";
S_0x55e57eb12b00 .scope module, "cpu" "cpu" 2 1;
 .timescale 0 0;
    .port_info 0 /INPUT 1 "clk";
    .port_info 1 /INPUT 1 "reset";
    .port_info 2 /INPUT 32 "idata";
    .port_info 3 /INPUT 32 "drdata";
    .port_info 4 /OUTPUT 32 "iaddr";
    .port_info 5 /OUTPUT 32 "daddr";
    .port_info 6 /OUTPUT 32 "dwdata";
    .port_info 7 /OUTPUT 4 "dwe";
v0x55e57eaeb7b0_0 .var "I_imm", 11 0;
v0x55e57eaebba0_0 .var "I_rd", 4 0;
v0x55e57eb3b370_0 .var "I_rs1", 4 0;
v0x55e57eb3b430_0 .var "S_imm1", 6 0;
v0x55e57eb3b510_0 .var "S_imm2", 4 0;
v0x55e57eb3b5f0_0 .var "S_rs1", 4 0;
v0x55e57eb3b6d0_0 .var "S_rs2", 4 0;
v0x55e57eb3b7b0_0 .var "caseno", 0 0;
o0x7f8cf18e1198 .functor BUFZ 1, C4<z>; HiZ drive
v0x55e57eb3b870_0 .net "clk", 0 0, o0x7f8cf18e1198;  0 drivers
v0x55e57eb3b930_0 .var "daddr", 31 0;
o0x7f8cf18e11f8 .functor BUFZ 32, C4<zzzzzzzzzzzzzzzzzzzzzzzzzzzzzzzz>; HiZ drive
v0x55e57eb3ba10_0 .net "drdata", 31 0, o0x7f8cf18e11f8;  0 drivers
v0x55e57eb3baf0_0 .var "dwdata", 31 0;
v0x55e57eb3bbd0_0 .var "dwe", 3 0;
v0x55e57eb3bcb0_0 .var "iaddr", 31 0;
o0x7f8cf18e12b8 .functor BUFZ 32, C4<zzzzzzzzzzzzzzzzzzzzzzzzzzzzzzzz>; HiZ drive
v0x55e57eb3bd90_0 .net "idata", 31 0, o0x7f8cf18e12b8;  0 drivers
o0x7f8cf18e12e8 .functor BUFZ 1, C4<z>; HiZ drive
v0x55e57eb3be70_0 .net "reset", 0 0, o0x7f8cf18e12e8;  0 drivers
E_0x55e57eb23230 .event posedge, v0x55e57eb3b870_0;
    .scope S_0x55e57eb12b00;
T_0 ;
    %pushi/vec4 0, 0, 1;
    %store/vec4 v0x55e57eb3b7b0_0, 0, 1;
    %end;
    .thread T_0;
    .scope S_0x55e57eb12b00;
T_1 ;
    %wait E_0x55e57eb23230;
    %load/vec4 v0x55e57eb3be70_0;
    %flag_set/vec4 8;
    %jmp/0xz  T_1.0, 8;
    %pushi/vec4 0, 0, 32;
    %assign/vec4 v0x55e57eb3bcb0_0, 0;
    %pushi/vec4 0, 0, 32;
    %assign/vec4 v0x55e57eb3b930_0, 0;
    %pushi/vec4 0, 0, 32;
    %assign/vec4 v0x55e57eb3baf0_0, 0;
    %pushi/vec4 0, 0, 4;
    %assign/vec4 v0x55e57eb3bbd0_0, 0;
    %jmp T_1.1;
T_1.0 ;
    %load/vec4 v0x55e57eb3bd90_0;
    %parti/s 7, 0, 2;
    %pad/u 32;
    %pushi/vec4 11, 0, 32;
    %cmp/e;
    %flag_get/vec4 4;
    %load/vec4 v0x55e57eb3bd90_0;
    %parti/s 3, 12, 5;
    %pad/u 32;
    %pushi/vec4 0, 0, 32;
    %cmp/e;
    %flag_get/vec4 4;
    %and;
    %flag_set/vec4 8;
    %jmp/0xz  T_1.2, 8;
    %pushi/vec4 1, 0, 1;
    %assign/vec4 v0x55e57eb3b7b0_0, 0;
T_1.2 ;
    %load/vec4 v0x55e57eb3bd90_0;
    %parti/s 7, 0, 2;
    %pad/u 32;
    %pushi/vec4 100011, 0, 32;
    %cmp/e;
    %flag_get/vec4 4;
    %load/vec4 v0x55e57eb3bd90_0;
    %parti/s 3, 12, 5;
    %pad/u 32;
    %pushi/vec4 0, 0, 32;
    %cmp/e;
    %flag_get/vec4 4;
    %and;
    %flag_set/vec4 8;
    %jmp/0xz  T_1.4, 8;
    %pushi/vec4 0, 0, 1;
    %assign/vec4 v0x55e57eb3b7b0_0, 0;
T_1.4 ;
    %load/vec4 v0x55e57eb3b7b0_0;
    %pad/u 2;
    %dup/vec4;
    %pushi/vec4 1, 0, 2;
    %cmp/u;
    %jmp/1 T_1.6, 6;
    %dup/vec4;
    %pushi/vec4 2, 0, 2;
    %cmp/u;
    %jmp/1 T_1.7, 6;
    %jmp T_1.8;
T_1.6 ;
    %load/vec4 v0x55e57eb3bd90_0;
    %parti/s 12, 20, 6;
    %assign/vec4 v0x55e57eaeb7b0_0, 0;
    %load/vec4 v0x55e57eb3bd90_0;
    %parti/s 5, 15, 5;
    %assign/vec4 v0x55e57eb3b370_0, 0;
    %load/vec4 v0x55e57eb3bd90_0;
    %parti/s 5, 7, 4;
    %assign/vec4 v0x55e57eaebba0_0, 0;
    %jmp T_1.8;
T_1.7 ;
    %load/vec4 v0x55e57eb3bd90_0;
    %parti/s 5, 20, 6;
    %assign/vec4 v0x55e57eb3b6d0_0, 0;
    %load/vec4 v0x55e57eb3bd90_0;
    %parti/s 5, 15, 5;
    %assign/vec4 v0x55e57eb3b5f0_0, 0;
    %load/vec4 v0x55e57eb3bd90_0;
    %parti/s 7, 25, 6;
    %assign/vec4 v0x55e57eb3b430_0, 0;
    %load/vec4 v0x55e57eb3bd90_0;
    %parti/s 5, 7, 4;
    %assign/vec4 v0x55e57eb3b510_0, 0;
    %jmp T_1.8;
T_1.8 ;
    %pop/vec4 1;
    %load/vec4 v0x55e57eb3bcb0_0;
    %addi 4, 0, 32;
    %assign/vec4 v0x55e57eb3bcb0_0, 0;
T_1.1 ;
    %jmp T_1;
    .thread T_1;
# The file index is used to find the file name in the following table.
:file_names 3;
    "N/A";
    "<interactive>";
    "cpu.v";
